output prefix: llvm/ywa340/backward
llvmas: /usr/lib/llvm-7/bin/llvm-as
llc: /usr/lib/llvm-7/bin/llc
cc: clang
codegen: /home/alex_wang_10/repos/cmpt379-1207-ywa340/decafcomp/answer/decafcomp
stdlib: /home/alex_wang_10/repos/cmpt379-1207-ywa340/decafcomp/answer/decaf-stdlib.c
generating llvm code:/home/alex_wang_10/repos/cmpt379-1207-ywa340/decafcomp/answer/decafcomp ... ok
; ModuleID = 'Test'
source_filename = "DecafComp"

declare void @print_int(i32)

define i32 @main() {
entry:
  call void @test(i32 10, i32 13, i32 0)
  ret i32 0
}

define void @test(i32 %a, i32 %b, i32 %c) {
entry:
  %a1 = alloca i32
  store i32 %a, i32* %a1
  %b2 = alloca i32
  store i32 %b, i32* %b2
  %c3 = alloca i32
  store i32 %c, i32* %c3
  %a4 = load i32, i32* %a1
  call void @print_int(i32 %a4)
  %b5 = load i32, i32* %b2
  call void @print_int(i32 %b5)
  %c6 = load i32, i32* %c3
  call void @print_int(i32 %c6)
  ret void
}
assembling to bitcode:/usr/lib/llvm-7/bin/llvm-as "llvm/ywa340/backward.llvm" -o "llvm/ywa340/backward.llvm.bc" ... ok
converting to native code:/usr/lib/llvm-7/bin/llc "llvm/ywa340/backward.llvm.bc" -o "llvm/ywa340/backward.llvm.s" ... ok
linking:clang -o "llvm/ywa340/backward.llvm.exec" "llvm/ywa340/backward.llvm.s" "/home/alex_wang_10/repos/cmpt379-1207-ywa340/decafcomp/answer/decaf-stdlib.c" ... ok
running:llvm/ywa340/backward.llvm.exec ... ok
