output prefix: llvm/ywa340/method0
llvmas: /usr/lib/llvm-7/bin/llvm-as
llc: /usr/lib/llvm-7/bin/llc
cc: clang
codegen: /home/alex_wang_10/repos/cmpt379-1207-ywa340/decafcomp/answer/decafcomp
stdlib: /home/alex_wang_10/repos/cmpt379-1207-ywa340/decafcomp/answer/decaf-stdlib.c
generating llvm code:/home/alex_wang_10/repos/cmpt379-1207-ywa340/decafcomp/answer/decafcomp ... ok
; ModuleID = 'Test'
source_filename = "DecafComp"

declare void @print_int(i32)

define void @test() {
entry:
  %x = alloca i32
  store i32 0, i32* %x
  store i32 1, i32* %x
  call void @print_int(i32 1)
  call void @print_int(i32 2)
  %x1 = load i32, i32* %x
  call void @print_int(i32 %x1)
  ret void
}

define i32 @main() {
entry:
  %x = alloca i32
  store i32 0, i32* %x
  store i32 1, i32* %x
  call void @print_int(i32 1)
  %x1 = load i32, i32* %x
  call void @print_int(i32 %x1)
  ret i32 0
}
assembling to bitcode:/usr/lib/llvm-7/bin/llvm-as "llvm/ywa340/method0.llvm" -o "llvm/ywa340/method0.llvm.bc" ... ok
converting to native code:/usr/lib/llvm-7/bin/llc "llvm/ywa340/method0.llvm.bc" -o "llvm/ywa340/method0.llvm.s" ... ok
linking:clang -o "llvm/ywa340/method0.llvm.exec" "llvm/ywa340/method0.llvm.s" "/home/alex_wang_10/repos/cmpt379-1207-ywa340/decafcomp/answer/decaf-stdlib.c" ... ok
running:llvm/ywa340/method0.llvm.exec ... ok
